

Microchip MPLAB XC8 Assembler V2.32 build 20210201212658 
                                                                                               Thu Oct 21 17:49:55 2021

Microchip MPLAB XC8 C Compiler v2.32 (Free license) build 20210201212658 Og1 
     1                           	processor	12F675
     2                           	pagewidth 120
     3                           	opt	flic
     4                           	psect	cinit,global,class=CODE,merge=1,delta=2
     5                           	psect	cstackBANK0,global,class=BANK0,space=1,delta=1,noexec
     6                           	psect	maintext,global,class=CODE,split=1,delta=2
     7                           	psect	config,global,abs,ovrld,class=CONFIG,space=4,delta=2,noexec
     8                           	dabs	1,0x5E,2
     9  0000                     
    10                           ; Version 2.32
    11                           ; Generated 23/11/2020 GMT
    12                           ; 
    13                           ; Copyright © 2020, Microchip Technology Inc. and its subsidiaries ("Microchip")
    14                           ; All rights reserved.
    15                           ; 
    16                           ; This software is developed by Microchip Technology Inc. and its subsidiaries ("Microch
      +                          ip").
    17                           ; 
    18                           ; Redistribution and use in source and binary forms, with or without modification, are
    19                           ; permitted provided that the following conditions are met:
    20                           ; 
    21                           ;     1. Redistributions of source code must retain the above copyright notice, this lis
      +                          t of
    22                           ;        conditions and the following disclaimer.
    23                           ; 
    24                           ;     2. Redistributions in binary form must reproduce the above copyright notice, this 
      +                          list
    25                           ;        of conditions and the following disclaimer in the documentation and/or other
    26                           ;        materials provided with the distribution. Publication is not required when
    27                           ;        this file is used in an embedded application.
    28                           ; 
    29                           ;     3. Microchip's name may not be used to endorse or promote products derived from th
      +                          is
    30                           ;        software without specific prior written permission.
    31                           ; 
    32                           ; THIS SOFTWARE IS PROVIDED BY MICROCHIP "AS IS" AND ANY EXPRESS OR IMPLIED WARRANTIES,
    33                           ; INCLUDING, BUT NOT LIMITED TO, THE IMPLIED WARRANTIES OF MERCHANTABILITY AND FITNESS F
      +                          OR
    34                           ; PURPOSE ARE DISCLAIMED.  IN NO EVENT SHALL MICROCHIP BE LIABLE FOR ANY DIRECT, INDIREC
      +                          T,
    35                           ; INCIDENTAL, SPECIAL, EXEMPLARY, OR CONSEQUENTIAL DAMAGES (INCLUDING BUT NOT LIMITED TO
    36                           ; PROCUREMENT OF SUBSTITUTE GOODS OR SERVICES; LOSS OF USE, DATA OR PROFITS; OR BUSINESS
    37                           ; INTERRUPTION) HOWSOEVER CAUSED AND ON ANY THEORY OF LIABILITY, WHETHER IN CONTRACT, ST
      +                          RICT
    38                           ; LIABILITY, OR TORT (INCLUDING NEGLIGENCE OR OTHERWISE) ARISING IN ANY WAY OUT OF THE U
      +                          SE OF
    39                           ; THIS SOFTWARE, EVEN IF ADVISED OF THE POSSIBILITY OF SUCH DAMAGE.
    40                           ; 
    41                           ; 
    42                           ; Code-generator required, PIC12F675 Definitions
    43                           ; 
    44                           ; SFR Addresses
    45  0000                     	;# 
    46  0001                     	;# 
    47  0002                     	;# 
    48  0003                     	;# 
    49  0004                     	;# 
    50  0005                     	;# 
    51  000A                     	;# 
    52  000B                     	;# 
    53  000C                     	;# 
    54  000E                     	;# 
    55  000E                     	;# 
    56  000F                     	;# 
    57  0010                     	;# 
    58  0019                     	;# 
    59  001E                     	;# 
    60  001F                     	;# 
    61  0081                     	;# 
    62  0085                     	;# 
    63  008C                     	;# 
    64  008E                     	;# 
    65  0090                     	;# 
    66  0095                     	;# 
    67  0096                     	;# 
    68  0096                     	;# 
    69  0099                     	;# 
    70  009A                     	;# 
    71  009A                     	;# 
    72  009B                     	;# 
    73  009C                     	;# 
    74  009D                     	;# 
    75  009E                     	;# 
    76  009F                     	;# 
    77  0000                     	;# 
    78  0001                     	;# 
    79  0002                     	;# 
    80  0003                     	;# 
    81  0004                     	;# 
    82  0005                     	;# 
    83  000A                     	;# 
    84  000B                     	;# 
    85  000C                     	;# 
    86  000E                     	;# 
    87  000E                     	;# 
    88  000F                     	;# 
    89  0010                     	;# 
    90  0019                     	;# 
    91  001E                     	;# 
    92  001F                     	;# 
    93  0081                     	;# 
    94  0085                     	;# 
    95  008C                     	;# 
    96  008E                     	;# 
    97  0090                     	;# 
    98  0095                     	;# 
    99  0096                     	;# 
   100  0096                     	;# 
   101  0099                     	;# 
   102  009A                     	;# 
   103  009A                     	;# 
   104  009B                     	;# 
   105  009C                     	;# 
   106  009D                     	;# 
   107  009E                     	;# 
   108  009F                     	;# 
   109  0005                     _GPIO	set	5
   110  001F                     _ADCON0	set	31
   111  0019                     _CMCON	set	25
   112  002C                     _GP4	set	44
   113  002D                     _GP5	set	45
   114  0028                     _GP0	set	40
   115  0029                     _GP1	set	41
   116  009F                     _ANSEL	set	159
   117  0429                     _TRISIO1	set	1065
   118  042D                     _TRISIO5	set	1069
   119  042C                     _TRISIO4	set	1068
   120  042A                     _TRISIO2	set	1066
   121  042B                     _TRISIO3	set	1067
   122  0428                     _TRISIO0	set	1064
   123                           
   124                           	psect	cinit
   125  03FD                     start_initialization:	
   126                           ; #config settings
   127                           
   128  03FD                     __initialization:
   129  03FD                     end_of_initialization:	
   130                           ;End of C runtime variable initialization code
   131                           
   132  03FD                     __end_of__initialization:
   133  03FD  0183               	clrf	3
   134  03FE  2B7F               	ljmp	_main	;jump to C main() function
   135                           
   136                           	psect	cstackBANK0
   137  0020                     __pcstackBANK0:
   138  0020                     ?_main:
   139  0020                     ??_main:	
   140                           ; 1 bytes @ 0x0
   141                           
   142                           
   143                           ; 1 bytes @ 0x0
   144  0020                     	ds	2
   145  0022                     main@change_state:
   146                           
   147                           ; 1 bytes @ 0x2
   148  0022                     	ds	1
   149  0023                     main@state:
   150                           
   151                           ; 1 bytes @ 0x3
   152  0023                     	ds	1
   153  0024                     main@press_switch:
   154                           
   155                           ; 1 bytes @ 0x4
   156  0024                     	ds	1
   157                           
   158                           	psect	maintext
   159  037F                     __pmaintext:	
   160 ;;
   161 ;;Main: autosize = 0, tempsize = 2, incstack = 0, save=0
   162 ;;
   163 ;; *************** function _main *****************
   164 ;; Defined at:
   165 ;;		line 20 in file "newmain1.c"
   166 ;; Parameters:    Size  Location     Type
   167 ;;		None
   168 ;; Auto vars:     Size  Location     Type
   169 ;;  press_switch    1    4[BANK0 ] unsigned char 
   170 ;;  state           1    3[BANK0 ] unsigned char 
   171 ;;  change_state    1    2[BANK0 ] unsigned char 
   172 ;; Return value:  Size  Location     Type
   173 ;;                  1    wreg      void 
   174 ;; Registers used:
   175 ;;		wreg, status,2, status,0
   176 ;; Tracked objects:
   177 ;;		On entry : B00/0
   178 ;;		On exit  : 0/0
   179 ;;		Unchanged: 0/0
   180 ;; Data sizes:     COMMON   BANK0
   181 ;;      Params:         0       0
   182 ;;      Locals:         0       3
   183 ;;      Temps:          0       2
   184 ;;      Totals:         0       5
   185 ;;Total ram usage:        5 bytes
   186 ;; This function calls:
   187 ;;		Nothing
   188 ;; This function is called by:
   189 ;;		Startup code after reset
   190 ;; This function uses a non-reentrant model
   191 ;;
   192                           
   193                           
   194                           ;psect for function _main
   195  037F                     _main:
   196  037F                     l709:	
   197                           ;incstack = 0
   198                           ; Regs used in _main: [wreg+status,2+status,0]
   199                           
   200                           
   201                           ;newmain1.c: 22:     ANSEL = 0;
   202  037F  1683               	bsf	3,5	;RP0=1, select bank1
   203  0380  019F               	clrf	31	;volatile
   204  0381                     l711:
   205                           
   206                           ;newmain1.c: 23:     CMCON = 0x07;
   207  0381  3007               	movlw	7
   208  0382  1283               	bcf	3,5	;RP0=0, select bank0
   209  0383  0099               	movwf	25	;volatile
   210  0384                     l713:
   211                           
   212                           ;newmain1.c: 24:     ADCON0 = 0;
   213  0384  019F               	clrf	31	;volatile
   214  0385                     l715:
   215                           
   216                           ;newmain1.c: 26:     uint8_t state;;newmain1.c: 27:     state = 0;
   217  0385  01A3               	clrf	main@state
   218  0386                     l717:
   219                           
   220                           ;newmain1.c: 29:     uint8_t change_state;;newmain1.c: 30:     change_state = 0;
   221  0386  01A2               	clrf	main@change_state
   222  0387                     l719:
   223                           
   224                           ;newmain1.c: 32:     uint8_t press_switch;;newmain1.c: 33:     press_switch = 0;
   225  0387  01A4               	clrf	main@press_switch
   226  0388                     l721:
   227                           
   228                           ;newmain1.c: 35:     TRISIO0 = 0;
   229  0388  1683               	bsf	3,5	;RP0=1, select bank1
   230  0389  1005               	bcf	5,0	;volatile
   231  038A                     l723:
   232                           
   233                           ;newmain1.c: 36:     TRISIO3 = 1;
   234  038A  1585               	bsf	5,3	;volatile
   235  038B                     l725:
   236                           
   237                           ;newmain1.c: 37:     TRISIO2 = 0;
   238  038B  1105               	bcf	5,2	;volatile
   239  038C                     l727:
   240                           
   241                           ;newmain1.c: 38:     TRISIO4 = 0;
   242  038C  1205               	bcf	5,4	;volatile
   243  038D                     l729:
   244                           
   245                           ;newmain1.c: 39:     TRISIO5 = 0;
   246  038D  1285               	bcf	5,5	;volatile
   247  038E                     l731:
   248                           
   249                           ;newmain1.c: 40:     TRISIO1 = 1;
   250  038E  1485               	bsf	5,1	;volatile
   251  038F                     l733:
   252                           
   253                           ;newmain1.c: 42:     GPIO=0;
   254  038F  1283               	bcf	3,5	;RP0=0, select bank0
   255  0390  0185               	clrf	5	;volatile
   256  0391                     l735:
   257                           
   258                           ;newmain1.c: 45:     {;newmain1.c: 46:         if(GP1 == 0)
   259  0391  1885               	btfsc	5,1	;volatile
   260  0392  2B94               	goto	u101
   261  0393  2B95               	goto	u100
   262  0394                     u101:
   263  0394  2BB2               	goto	l747
   264  0395                     u100:
   265  0395                     l737:
   266                           
   267                           ;newmain1.c: 47:         {;newmain1.c: 48:             _delay((unsigned long)((15)*(4000
      +                          000/4000.0)));
   268  0395  3014               	movlw	20
   269  0396  00A1               	movwf	??_main+1
   270  0397  3079               	movlw	121
   271  0398  00A0               	movwf	??_main
   272  0399                     u197:
   273  0399  0BA0               	decfsz	??_main,f
   274  039A  2B99               	goto	u197
   275  039B  0BA1               	decfsz	??_main+1,f
   276  039C  2B99               	goto	u197
   277  039D  2B9E               	nop2
   278  039E                     l739:
   279                           
   280                           ;newmain1.c: 50:             if(GP1 == 0)
   281  039E  1283               	bcf	3,5	;RP0=0, select bank0
   282  039F  1885               	btfsc	5,1	;volatile
   283  03A0  2BA2               	goto	u111
   284  03A1  2BA3               	goto	u110
   285  03A2                     u111:
   286  03A2  2BB2               	goto	l747
   287  03A3                     u110:
   288  03A3                     l741:
   289                           
   290                           ;newmain1.c: 51:             {;newmain1.c: 52:                 press_switch = press_swit
      +                          ch + 1;
   291  03A3  0824               	movf	main@press_switch,w
   292  03A4  3E01               	addlw	1
   293  03A5  00A0               	movwf	??_main
   294  03A6  0820               	movf	??_main,w
   295  03A7  00A4               	movwf	main@press_switch
   296  03A8                     l743:
   297                           
   298                           ;newmain1.c: 54:                 if(press_switch > 10)
   299  03A8  300B               	movlw	11
   300  03A9  0224               	subwf	main@press_switch,w
   301  03AA  1C03               	skipc
   302  03AB  2BAD               	goto	u121
   303  03AC  2BAE               	goto	u120
   304  03AD                     u121:
   305  03AD  2BB2               	goto	l747
   306  03AE                     u120:
   307  03AE                     l745:
   308                           
   309                           ;newmain1.c: 55:                 {;newmain1.c: 56:                     press_switch = 10
      +                          ;
   310  03AE  300A               	movlw	10
   311  03AF  00A0               	movwf	??_main
   312  03B0  0820               	movf	??_main,w
   313  03B1  00A4               	movwf	main@press_switch
   314  03B2                     l747:
   315                           
   316                           ;newmain1.c: 60:         if(press_switch == 1)
   317  03B2  0324               	decf	main@press_switch,w
   318  03B3  1D03               	btfss	3,2
   319  03B4  2BB6               	goto	u131
   320  03B5  2BB7               	goto	u130
   321  03B6                     u131:
   322  03B6  2BBD               	goto	l753
   323  03B7                     u130:
   324  03B7                     l749:
   325                           
   326                           ;newmain1.c: 61:         {;newmain1.c: 62:             change_state = 1;
   327  03B7  01A2               	clrf	main@change_state
   328  03B8  0AA2               	incf	main@change_state,f
   329  03B9                     l751:
   330                           
   331                           ;newmain1.c: 63:             press_switch = 2;
   332  03B9  3002               	movlw	2
   333  03BA  00A0               	movwf	??_main
   334  03BB  0820               	movf	??_main,w
   335  03BC  00A4               	movwf	main@press_switch
   336  03BD                     l753:
   337                           
   338                           ;newmain1.c: 65:         if(GP1 == 1)
   339  03BD  1C85               	btfss	5,1	;volatile
   340  03BE  2BC0               	goto	u141
   341  03BF  2BC1               	goto	u140
   342  03C0                     u141:
   343  03C0  2BD0               	goto	l761
   344  03C1                     u140:
   345  03C1                     l755:
   346                           
   347                           ;newmain1.c: 66:         {;newmain1.c: 67:             _delay((unsigned long)((15)*(4000
      +                          000/4000.0)));
   348  03C1  3014               	movlw	20
   349  03C2  00A1               	movwf	??_main+1
   350  03C3  3079               	movlw	121
   351  03C4  00A0               	movwf	??_main
   352  03C5                     u207:
   353  03C5  0BA0               	decfsz	??_main,f
   354  03C6  2BC5               	goto	u207
   355  03C7  0BA1               	decfsz	??_main+1,f
   356  03C8  2BC5               	goto	u207
   357  03C9  2BCA               	nop2
   358  03CA                     l757:
   359                           
   360                           ;newmain1.c: 68:             if(GP1 == 1)
   361  03CA  1283               	bcf	3,5	;RP0=0, select bank0
   362  03CB  1C85               	btfss	5,1	;volatile
   363  03CC  2BCE               	goto	u151
   364  03CD  2BCF               	goto	u150
   365  03CE                     u151:
   366  03CE  2BD0               	goto	l761
   367  03CF                     u150:
   368  03CF                     l759:
   369                           
   370                           ;newmain1.c: 69:             {;newmain1.c: 70:                 press_switch = 0;
   371  03CF  01A4               	clrf	main@press_switch
   372  03D0                     l761:
   373                           
   374                           ;newmain1.c: 73:         if(change_state == 1)
   375  03D0  0322               	decf	main@change_state,w
   376  03D1  1D03               	btfss	3,2
   377  03D2  2BD4               	goto	u161
   378  03D3  2BD5               	goto	u160
   379  03D4                     u161:
   380  03D4  2BEF               	goto	l773
   381  03D5                     u160:
   382  03D5                     l763:
   383                           
   384                           ;newmain1.c: 74:         {;newmain1.c: 75:             if(state == 0)
   385  03D5  0823               	movf	main@state,w
   386  03D6  1D03               	btfss	3,2
   387  03D7  2BD9               	goto	u171
   388  03D8  2BDA               	goto	u170
   389  03D9                     u171:
   390  03D9  2BE0               	goto	l43
   391  03DA                     u170:
   392  03DA                     l765:
   393                           
   394                           ;newmain1.c: 76:             {;newmain1.c: 77:                 GP0 = 1;
   395  03DA  1405               	bsf	5,0	;volatile
   396                           
   397                           ;newmain1.c: 78:                 GP5 = 1;
   398  03DB  1685               	bsf	5,5	;volatile
   399                           
   400                           ;newmain1.c: 79:                 GP4 = 0;
   401  03DC  1205               	bcf	5,4	;volatile
   402                           
   403                           ;newmain1.c: 81:                 state = 1;
   404  03DD  01A3               	clrf	main@state
   405  03DE  0AA3               	incf	main@state,f
   406                           
   407                           ;newmain1.c: 82:             }
   408  03DF  2BE4               	goto	l769
   409  03E0                     l43:	
   410                           ;newmain1.c: 83:             else
   411                           
   412                           
   413                           ;newmain1.c: 84:             {;newmain1.c: 86:                 GP0 = 0;
   414  03E0  1005               	bcf	5,0	;volatile
   415                           
   416                           ;newmain1.c: 87:                 GP5 = 0;
   417  03E1  1285               	bcf	5,5	;volatile
   418                           
   419                           ;newmain1.c: 88:                 GP4 = 0;
   420  03E2  1205               	bcf	5,4	;volatile
   421  03E3                     l767:
   422                           
   423                           ;newmain1.c: 90:                 state = 0;
   424  03E3  01A3               	clrf	main@state
   425  03E4                     l769:
   426                           
   427                           ;newmain1.c: 92:             _delay((unsigned long)((10)*(4000000/4000.0)));
   428  03E4  300D               	movlw	13
   429  03E5  00A1               	movwf	??_main+1
   430  03E6  30FB               	movlw	251
   431  03E7  00A0               	movwf	??_main
   432  03E8                     u217:
   433  03E8  0BA0               	decfsz	??_main,f
   434  03E9  2BE8               	goto	u217
   435  03EA  0BA1               	decfsz	??_main+1,f
   436  03EB  2BE8               	goto	u217
   437  03EC  2BED               	nop2
   438  03ED                     l771:
   439                           
   440                           ;newmain1.c: 93:             change_state = 0;
   441  03ED  1283               	bcf	3,5	;RP0=0, select bank0
   442  03EE  01A2               	clrf	main@change_state
   443  03EF                     l773:
   444                           
   445                           ;newmain1.c: 95:         if(state == 1)
   446  03EF  0323               	decf	main@state,w
   447  03F0  1D03               	btfss	3,2
   448  03F1  2BF3               	goto	u181
   449  03F2  2BF4               	goto	u180
   450  03F3                     u181:
   451  03F3  2BF8               	goto	l45
   452  03F4                     u180:
   453  03F4                     l775:
   454                           
   455                           ;newmain1.c: 96:         {;newmain1.c: 97:             GP0 = 1;
   456  03F4  1405               	bsf	5,0	;volatile
   457                           
   458                           ;newmain1.c: 98:             GP5 = 1;
   459  03F5  1685               	bsf	5,5	;volatile
   460                           
   461                           ;newmain1.c: 99:             GP4 = 0;
   462  03F6  1205               	bcf	5,4	;volatile
   463                           
   464                           ;newmain1.c: 100:         }
   465  03F7  2B91               	goto	l735
   466  03F8                     l45:	
   467                           ;newmain1.c: 101:         else
   468                           
   469                           
   470                           ;newmain1.c: 102:         {;newmain1.c: 103:             GP0 = 0;
   471  03F8  1005               	bcf	5,0	;volatile
   472                           
   473                           ;newmain1.c: 104:             GP5 = 0;
   474  03F9  1285               	bcf	5,5	;volatile
   475                           
   476                           ;newmain1.c: 105:             GP4 = 0;
   477  03FA  1205               	bcf	5,4	;volatile
   478  03FB  2B91               	goto	l735
   479  03FC  2800               	ljmp	start
   480  03FD                     __end_of_main:
   481  005E                     btemp	set	94	;btemp
   482  005E                     wtemp0	set	94
   483                           
   484                           	psect	config
   485                           
   486                           ;Config register CONFIG @ 0x2007
   487                           ;	Oscillator Selection bits
   488                           ;	FOSC = INTRCIO, INTOSC oscillator: I/O function on GP4/OSC2/CLKOUT pin, I/O function o
      +                          n GP5/OSC1/CLKIN
   489                           ;	Watchdog Timer Enable bit
   490                           ;	WDTE = OFF, WDT disabled
   491                           ;	Power-Up Timer Enable bit
   492                           ;	PWRTE = OFF, PWRT disabled
   493                           ;	GP3/MCLR pin function select
   494                           ;	MCLRE = OFF, GP3/MCLR pin function is digital I/O, MCLR internally tied to VDD
   495                           ;	Brown-out Detect Enable bit
   496                           ;	BOREN = OFF, BOD disabled
   497                           ;	Code Protection bit
   498                           ;	CP = OFF, Program Memory code protection is disabled
   499                           ;	Data Code Protection bit
   500                           ;	CPD = OFF, Data memory code protection is disabled
   501  2007                     	org	8199
   502  2007  3194               	dw	12692

Data Sizes:
    Strings     0
    Constant    0
    Data        0
    BSS         0
    Persistent  0
    Stack       0

Auto Spaces:
    Space          Size  Autos    Used
    COMMON            0      0       0
    BANK0            62      5       5

Pointer List with Targets:

    None.

Critical Paths under _main in COMMON

    None.

Critical Paths under _main in BANK0

    None.

Call Graph Tables:

 ---------------------------------------------------------------------------------
 (Depth) Function   	        Calls       Base Space   Used Autos Params    Refs
 ---------------------------------------------------------------------------------
 (0) _main                                                 5     5      0     143
                                              0 BANK0      5     5      0
 ---------------------------------------------------------------------------------
 Estimated maximum stack depth 0
 ---------------------------------------------------------------------------------

 Call Graph Graphs:

 _main (ROOT)

 Address spaces:
Name               Size   Autos  Total    Cost      Usage
BITCOMMON            0      0       0       0        0.0%
EEDATA              80      0       0       0        0.0%
NULL                 0      0       0       0        0.0%
CODE                 0      0       0       0        0.0%
BITSFR0              0      0       0       1        0.0%
SFR0                 0      0       0       1        0.0%
COMMON               0      0       0       1        0.0%
BITSFR1              0      0       0       2        0.0%
SFR1                 0      0       0       2        0.0%
STACK                0      0       0       2        0.0%
BITBANK0            3E      0       0       3        0.0%
BANK0               3E      5       5       4        8.1%
ABS                  0      0       0       5        0.0%
DATA                 0      0       0       6        0.0%


Microchip Technology PIC Macro Assembler V2.32 build 20210201212658 
Symbol Table                                                                                   Thu Oct 21 17:49:55 2021

                     l43 03E0                       l45 03F8                      l711 0381  
                    l721 0388                      l713 0384                      l731 038E  
                    l723 038A                      l715 0385                      l741 03A3  
                    l733 038F                      l725 038B                      l717 0386  
                    l709 037F                      l751 03B9                      l743 03A8  
                    l735 0391                      l727 038C                      l719 0387  
                    l761 03D0                      l753 03BD                      l745 03AE  
                    l737 0395                      l729 038D                      l771 03ED  
                    l763 03D5                      l755 03C1                      l739 039E  
                    l747 03B2                      l765 03DA                      l773 03EF  
                    l757 03CA                      l749 03B7                      l775 03F4  
                    l767 03E3                      l759 03CF                      l769 03E4  
                    _GP0 0028                      _GP1 0029                      _GP4 002C  
                    _GP5 002D                      u100 0395                      u101 0394  
                    u110 03A3                      u111 03A2                      u120 03AE  
                    u121 03AD                      u130 03B7                      u131 03B6  
                    u140 03C1                      u141 03C0                      u150 03CF  
                    u151 03CE                      u207 03C5                      u160 03D5  
                    u217 03E8                      u161 03D4                      u170 03DA  
                    u171 03D9                      u180 03F4                      u181 03F3  
                    u197 0399                     _GPIO 0005                     _main 037F  
                   btemp 005E                     start 0000                    ?_main 0020  
                  _CMCON 0019                    _ANSEL 009F                    status 0003  
                  wtemp0 005E         main@change_state 0022          __initialization 03FD  
           __end_of_main 03FD                   ??_main 0020                   _ADCON0 001F  
__end_of__initialization 03FD               __pmaintext 037F                  _TRISIO0 0428  
                _TRISIO1 0429                  _TRISIO2 042A                  _TRISIO3 042B  
                _TRISIO4 042C                  _TRISIO5 042D     end_of_initialization 03FD  
    start_initialization 03FD                ___latbits 0000            __pcstackBANK0 0020  
              main@state 0023         main@press_switch 0024            __size_of_main 007E  
