

Microchip MPLAB XC8 Assembler V2.32 build 20210201212658 
                                                                                               Mon Nov 29 01:15:58 2021

Microchip MPLAB XC8 C Compiler v2.32 (Free license) build 20210201212658 Og1 
     1                           	processor	12F675
     2                           	pagewidth 120
     3                           	opt	flic
     4                           	psect	cinit,global,class=CODE,merge=1,delta=2
     5                           	psect	cstackCOMMON,global,class=COMMON,space=1,delta=1,noexec
     6                           	psect	cstackBANK0,global,class=BANK0,space=1,delta=1,noexec
     7                           	psect	maintext,global,class=CODE,split=1,delta=2
     8                           	psect	config,global,abs,ovrld,class=CONFIG,space=4,delta=2,noexec
     9                           	dabs	1,0x5E,2
    10  0000                     
    11                           ; Version 2.32
    12                           ; Generated 23/11/2020 GMT
    13                           ; 
    14                           ; Copyright © 2020, Microchip Technology Inc. and its subsidiaries ("Microchip")
    15                           ; All rights reserved.
    16                           ; 
    17                           ; This software is developed by Microchip Technology Inc. and its subsidiaries ("Microch
      +                          ip").
    18                           ; 
    19                           ; Redistribution and use in source and binary forms, with or without modification, are
    20                           ; permitted provided that the following conditions are met:
    21                           ; 
    22                           ;     1. Redistributions of source code must retain the above copyright notice, this lis
      +                          t of
    23                           ;        conditions and the following disclaimer.
    24                           ; 
    25                           ;     2. Redistributions in binary form must reproduce the above copyright notice, this 
      +                          list
    26                           ;        of conditions and the following disclaimer in the documentation and/or other
    27                           ;        materials provided with the distribution. Publication is not required when
    28                           ;        this file is used in an embedded application.
    29                           ; 
    30                           ;     3. Microchip's name may not be used to endorse or promote products derived from th
      +                          is
    31                           ;        software without specific prior written permission.
    32                           ; 
    33                           ; THIS SOFTWARE IS PROVIDED BY MICROCHIP "AS IS" AND ANY EXPRESS OR IMPLIED WARRANTIES,
    34                           ; INCLUDING, BUT NOT LIMITED TO, THE IMPLIED WARRANTIES OF MERCHANTABILITY AND FITNESS F
      +                          OR
    35                           ; PURPOSE ARE DISCLAIMED.  IN NO EVENT SHALL MICROCHIP BE LIABLE FOR ANY DIRECT, INDIREC
      +                          T,
    36                           ; INCIDENTAL, SPECIAL, EXEMPLARY, OR CONSEQUENTIAL DAMAGES (INCLUDING BUT NOT LIMITED TO
    37                           ; PROCUREMENT OF SUBSTITUTE GOODS OR SERVICES; LOSS OF USE, DATA OR PROFITS; OR BUSINESS
    38                           ; INTERRUPTION) HOWSOEVER CAUSED AND ON ANY THEORY OF LIABILITY, WHETHER IN CONTRACT, ST
      +                          RICT
    39                           ; LIABILITY, OR TORT (INCLUDING NEGLIGENCE OR OTHERWISE) ARISING IN ANY WAY OUT OF THE U
      +                          SE OF
    40                           ; THIS SOFTWARE, EVEN IF ADVISED OF THE POSSIBILITY OF SUCH DAMAGE.
    41                           ; 
    42                           ; 
    43                           ; Code-generator required, PIC12F675 Definitions
    44                           ; 
    45                           ; SFR Addresses
    46  0000                     	;# 
    47  0001                     	;# 
    48  0002                     	;# 
    49  0003                     	;# 
    50  0004                     	;# 
    51  0005                     	;# 
    52  000A                     	;# 
    53  000B                     	;# 
    54  000C                     	;# 
    55  000E                     	;# 
    56  000E                     	;# 
    57  000F                     	;# 
    58  0010                     	;# 
    59  0019                     	;# 
    60  001E                     	;# 
    61  001F                     	;# 
    62  0081                     	;# 
    63  0085                     	;# 
    64  008C                     	;# 
    65  008E                     	;# 
    66  0090                     	;# 
    67  0095                     	;# 
    68  0096                     	;# 
    69  0096                     	;# 
    70  0099                     	;# 
    71  009A                     	;# 
    72  009A                     	;# 
    73  009B                     	;# 
    74  009C                     	;# 
    75  009D                     	;# 
    76  009E                     	;# 
    77  009F                     	;# 
    78  0000                     	;# 
    79  0001                     	;# 
    80  0002                     	;# 
    81  0003                     	;# 
    82  0004                     	;# 
    83  0005                     	;# 
    84  000A                     	;# 
    85  000B                     	;# 
    86  000C                     	;# 
    87  000E                     	;# 
    88  000E                     	;# 
    89  000F                     	;# 
    90  0010                     	;# 
    91  0019                     	;# 
    92  001E                     	;# 
    93  001F                     	;# 
    94  0081                     	;# 
    95  0085                     	;# 
    96  008C                     	;# 
    97  008E                     	;# 
    98  0090                     	;# 
    99  0095                     	;# 
   100  0096                     	;# 
   101  0096                     	;# 
   102  0099                     	;# 
   103  009A                     	;# 
   104  009A                     	;# 
   105  009B                     	;# 
   106  009C                     	;# 
   107  009D                     	;# 
   108  009E                     	;# 
   109  009F                     	;# 
   110  0005                     _GPIO	set	5
   111  001F                     _ADCON0	set	31
   112  0019                     _CMCON	set	25
   113  002C                     _GP4	set	44
   114  002D                     _GP5	set	45
   115  0028                     _GP0	set	40
   116  0029                     _GP1	set	41
   117  009F                     _ANSEL	set	159
   118  0429                     _TRISIO1	set	1065
   119  042D                     _TRISIO5	set	1069
   120  042C                     _TRISIO4	set	1068
   121  042A                     _TRISIO2	set	1066
   122  042B                     _TRISIO3	set	1067
   123  0428                     _TRISIO0	set	1064
   124                           
   125                           	psect	cinit
   126  03FD                     start_initialization:	
   127                           ; #config settings
   128                           
   129  03FD                     __initialization:
   130  03FD                     end_of_initialization:	
   131                           ;End of C runtime variable initialization code
   132                           
   133  03FD                     __end_of__initialization:
   134  03FD  0183               	clrf	3
   135  03FE  2BE1               	ljmp	_main	;jump to C main() function
   136                           
   137                           	psect	cstackCOMMON
   138  0000                     __pcstackCOMMON:
   139  0000                     ??_main:
   140                           
   141                           	psect	cstackBANK0
   142  0000                     __pcstackBANK0:	
   143                           ; 1 bytes @ 0x0
   144                           
   145  0000                     ?_main:
   146                           
   147                           	psect	maintext
   148  03E1                     __pmaintext:	
   149                           ; 1 bytes @ 0x0
   150 ;;
   151 ;;Main: autosize = 0, tempsize = 0, incstack = 0, save=0
   152 ;;
   153 ;; *************** function _main *****************
   154 ;; Defined at:
   155 ;;		line 20 in file "newmain1.c"
   156 ;; Parameters:    Size  Location     Type
   157 ;;		None
   158 ;; Auto vars:     Size  Location     Type
   159 ;;  press_switch    1    0        unsigned char 
   160 ;;  change_state    1    0        unsigned char 
   161 ;;  state           1    0        unsigned char 
   162 ;; Return value:  Size  Location     Type
   163 ;;                  1    wreg      void 
   164 ;; Registers used:
   165 ;;		wreg, status,2
   166 ;; Tracked objects:
   167 ;;		On entry : B00/0
   168 ;;		On exit  : 0/0
   169 ;;		Unchanged: 0/0
   170 ;; Data sizes:     COMMON   BANK0
   171 ;;      Params:         0       0
   172 ;;      Locals:         0       0
   173 ;;      Temps:          0       0
   174 ;;      Totals:         0       0
   175 ;;Total ram usage:        0 bytes
   176 ;; This function calls:
   177 ;;		Nothing
   178 ;; This function is called by:
   179 ;;		Startup code after reset
   180 ;; This function uses a non-reentrant model
   181 ;;
   182                           
   183                           
   184                           ;psect for function _main
   185  03E1                     _main:
   186  03E1                     l660:	
   187                           ;incstack = 0
   188                           ; Regs used in _main: [wreg+status,2]
   189                           
   190                           
   191                           ;newmain1.c: 22:     ANSEL = 0;
   192  03E1  1683               	bsf	3,5	;RP0=1, select bank1
   193  03E2  019F               	clrf	31	;volatile
   194  03E3                     l662:
   195                           
   196                           ;newmain1.c: 23:     CMCON = 0x07;
   197  03E3  3007               	movlw	7
   198  03E4  1283               	bcf	3,5	;RP0=0, select bank0
   199  03E5  0099               	movwf	25	;volatile
   200  03E6                     l664:
   201                           
   202                           ;newmain1.c: 24:     ADCON0 = 0;
   203  03E6  019F               	clrf	31	;volatile
   204  03E7                     l666:
   205  03E7                     l668:
   206  03E7                     l670:
   207  03E7                     l672:
   208                           
   209                           ;newmain1.c: 35:     TRISIO0 = 0;
   210  03E7  1683               	bsf	3,5	;RP0=1, select bank1
   211  03E8  1005               	bcf	5,0	;volatile
   212  03E9                     l674:
   213                           
   214                           ;newmain1.c: 36:     TRISIO3 = 1;
   215  03E9  1585               	bsf	5,3	;volatile
   216  03EA                     l676:
   217                           
   218                           ;newmain1.c: 37:     TRISIO2 = 0;
   219  03EA  1105               	bcf	5,2	;volatile
   220  03EB                     l678:
   221                           
   222                           ;newmain1.c: 38:     TRISIO4 = 0;
   223  03EB  1205               	bcf	5,4	;volatile
   224  03EC                     l680:
   225                           
   226                           ;newmain1.c: 39:     TRISIO5 = 0;
   227  03EC  1285               	bcf	5,5	;volatile
   228  03ED                     l682:
   229                           
   230                           ;newmain1.c: 40:     TRISIO1 = 1;
   231  03ED  1485               	bsf	5,1	;volatile
   232  03EE                     l684:
   233                           
   234                           ;newmain1.c: 42:     GPIO=0;
   235  03EE  1283               	bcf	3,5	;RP0=0, select bank0
   236  03EF  0185               	clrf	5	;volatile
   237  03F0                     l686:
   238                           
   239                           ;newmain1.c: 45:     {;newmain1.c: 47:         if(GP1 == 1)
   240  03F0  1C85               	btfss	5,1	;volatile
   241  03F1  2BF3               	goto	u21
   242  03F2  2BF4               	goto	u20
   243  03F3                     u21:
   244  03F3  2BF8               	goto	l34
   245  03F4                     u20:
   246  03F4                     l688:
   247                           
   248                           ;newmain1.c: 48:         {;newmain1.c: 49:             GP0 = 1;
   249  03F4  1405               	bsf	5,0	;volatile
   250                           
   251                           ;newmain1.c: 50:             GP5 = 1;
   252  03F5  1685               	bsf	5,5	;volatile
   253                           
   254                           ;newmain1.c: 51:             GP4 = 0;
   255  03F6  1205               	bcf	5,4	;volatile
   256                           
   257                           ;newmain1.c: 52:         }
   258  03F7  2BF0               	goto	l686
   259  03F8                     l34:	
   260                           ;newmain1.c: 53:         else
   261                           
   262                           
   263                           ;newmain1.c: 54:         {;newmain1.c: 55:             GP0 = 0;
   264  03F8  1005               	bcf	5,0	;volatile
   265                           
   266                           ;newmain1.c: 56:             GP5 = 0;
   267  03F9  1285               	bcf	5,5	;volatile
   268                           
   269                           ;newmain1.c: 57:             GP4 = 0;
   270  03FA  1205               	bcf	5,4	;volatile
   271  03FB  2BF0               	goto	l686
   272  03FC  2800               	ljmp	start
   273  03FD                     __end_of_main:
   274  005E                     btemp	set	94	;btemp
   275  005E                     wtemp0	set	94
   276                           
   277                           	psect	config
   278                           
   279                           ;Config register CONFIG @ 0x2007
   280                           ;	Oscillator Selection bits
   281                           ;	FOSC = INTRCIO, INTOSC oscillator: I/O function on GP4/OSC2/CLKOUT pin, I/O function o
      +                          n GP5/OSC1/CLKIN
   282                           ;	Watchdog Timer Enable bit
   283                           ;	WDTE = OFF, WDT disabled
   284                           ;	Power-Up Timer Enable bit
   285                           ;	PWRTE = OFF, PWRT disabled
   286                           ;	GP3/MCLR pin function select
   287                           ;	MCLRE = OFF, GP3/MCLR pin function is digital I/O, MCLR internally tied to VDD
   288                           ;	Brown-out Detect Enable bit
   289                           ;	BOREN = OFF, BOD disabled
   290                           ;	Code Protection bit
   291                           ;	CP = OFF, Program Memory code protection is disabled
   292                           ;	Data Code Protection bit
   293                           ;	CPD = OFF, Data memory code protection is disabled
   294  2007                     	org	8199
   295  2007  3194               	dw	12692

Data Sizes:
    Strings     0
    Constant    0
    Data        0
    BSS         0
    Persistent  0
    Stack       0

Auto Spaces:
    Space          Size  Autos    Used
    COMMON            0      0       0
    BANK0            62      0       0

Pointer List with Targets:

    None.

Critical Paths under _main in COMMON

    None.

Critical Paths under _main in BANK0

    None.

Call Graph Tables:

 ---------------------------------------------------------------------------------
 (Depth) Function   	        Calls       Base Space   Used Autos Params    Refs
 ---------------------------------------------------------------------------------
 (0) _main                                                 3     3      0       3
 ---------------------------------------------------------------------------------
 Estimated maximum stack depth 0
 ---------------------------------------------------------------------------------

 Call Graph Graphs:

 _main (ROOT)

 Address spaces:
Name               Size   Autos  Total    Cost      Usage
BITCOMMON            0      0       0       0        0.0%
EEDATA              80      0       0       0        0.0%
NULL                 0      0       0       0        0.0%
CODE                 0      0       0       0        0.0%
BITSFR0              0      0       0       1        0.0%
SFR0                 0      0       0       1        0.0%
COMMON               0      0       0       1        0.0%
BITSFR1              0      0       0       2        0.0%
SFR1                 0      0       0       2        0.0%
STACK                0      0       0       2        0.0%
BITBANK0            3E      0       0       3        0.0%
BANK0               3E      0       0       4        0.0%
ABS                  0      0       0       5        0.0%
DATA                 0      0       0       6        0.0%


Microchip Technology PIC Macro Assembler V2.32 build 20210201212658 
Symbol Table                                                                                   Mon Nov 29 01:15:58 2021

                     l34 03F8                       u20 03F4                       u21 03F3  
                    l660 03E1                      l670 03E7                      l662 03E3  
                    l680 03EC                      l672 03E7                      l664 03E6  
                    l682 03ED                      l674 03E9                      l666 03E7  
                    l684 03EE                      l676 03EA                      l668 03E7  
                    l686 03F0                      l678 03EB                      l688 03F4  
                    _GP0 0028                      _GP1 0029                      _GP4 002C  
                    _GP5 002D                     _GPIO 0005                     _main 03E1  
                   btemp 005E                     start 0000                    ?_main 0000  
                  _CMCON 0019                    _ANSEL 009F                    status 0003  
                  wtemp0 005E          __initialization 03FD             __end_of_main 03FD  
                 ??_main 0000                   _ADCON0 001F  __end_of__initialization 03FD  
         __pcstackCOMMON 0000               __pmaintext 03E1                  _TRISIO0 0428  
                _TRISIO1 0429                  _TRISIO2 042A                  _TRISIO3 042B  
                _TRISIO4 042C                  _TRISIO5 042D     end_of_initialization 03FD  
    start_initialization 03FD                ___latbits 0000            __pcstackBANK0 0000  
          __size_of_main 001C  
